2025-08-13T13:41:23.081+09:00  INFO 6292 --- [MySpringBoot3Project] [restartedMain] c.r.m.MySpringBoot3ProjectApplication    : Starting MySpringBoot3ProjectApplication using Java 17.0.2 with PID 6292 (C:\mybackend\SpringBoot\MySpringBoot3Project\target\classes started by Jeong in C:\mybackend\SpringBoot\MySpringBoot3Project)
2025-08-13T13:41:23.083+09:00 DEBUG 6292 --- [MySpringBoot3Project] [restartedMain] c.r.m.MySpringBoot3ProjectApplication    : Running with Spring Boot v3.4.8, Spring v6.2.8
2025-08-13T13:41:23.084+09:00  INFO 6292 --- [MySpringBoot3Project] [restartedMain] c.r.m.MySpringBoot3ProjectApplication    : The following 1 profile is active: "test"
2025-08-13T13:41:23.130+09:00  INFO 6292 --- [MySpringBoot3Project] [restartedMain] .e.DevToolsPropertyDefaultsPostProcessor : Devtools property defaults active! Set 'spring.devtools.add-properties' to 'false' to disable
2025-08-13T13:41:23.130+09:00  INFO 6292 --- [MySpringBoot3Project] [restartedMain] .e.DevToolsPropertyDefaultsPostProcessor : For additional web related logging consider setting the 'logging.level.web' property to 'DEBUG'
2025-08-13T13:41:23.906+09:00  INFO 6292 --- [MySpringBoot3Project] [restartedMain] .s.d.r.c.RepositoryConfigurationDelegate : Bootstrapping Spring Data JPA repositories in DEFAULT mode.
2025-08-13T13:41:23.925+09:00  INFO 6292 --- [MySpringBoot3Project] [restartedMain] .s.d.r.c.RepositoryConfigurationDelegate : Finished Spring Data repository scanning in 9 ms. Found 0 JPA repository interfaces.
2025-08-13T13:41:24.338+09:00  INFO 6292 --- [MySpringBoot3Project] [restartedMain] o.s.b.w.embedded.tomcat.TomcatWebServer  : Tomcat initialized with port 8080 (http)
2025-08-13T13:41:24.348+09:00  INFO 6292 --- [MySpringBoot3Project] [restartedMain] o.apache.catalina.core.StandardService   : Starting service [Tomcat]
2025-08-13T13:41:24.348+09:00  INFO 6292 --- [MySpringBoot3Project] [restartedMain] o.apache.catalina.core.StandardEngine    : Starting Servlet engine: [Apache Tomcat/10.1.43]
2025-08-13T13:41:24.383+09:00  INFO 6292 --- [MySpringBoot3Project] [restartedMain] o.a.c.c.C.[Tomcat].[localhost].[/]       : Initializing Spring embedded WebApplicationContext
2025-08-13T13:41:24.384+09:00  INFO 6292 --- [MySpringBoot3Project] [restartedMain] w.s.c.ServletWebServerApplicationContext : Root WebApplicationContext: initialization completed in 1252 ms
2025-08-13T13:41:24.563+09:00  INFO 6292 --- [MySpringBoot3Project] [restartedMain] com.zaxxer.hikari.HikariDataSource       : HikariPool-1 - Starting...
2025-08-13T13:41:24.696+09:00  INFO 6292 --- [MySpringBoot3Project] [restartedMain] com.zaxxer.hikari.pool.HikariPool        : HikariPool-1 - Added connection conn0: url=jdbc:h2:mem:6e109bf9-42af-4bd4-b4a6-bcb8d1c81ff5 user=SA
2025-08-13T13:41:24.698+09:00  INFO 6292 --- [MySpringBoot3Project] [restartedMain] com.zaxxer.hikari.HikariDataSource       : HikariPool-1 - Start completed.
2025-08-13T13:41:24.736+09:00  INFO 6292 --- [MySpringBoot3Project] [restartedMain] o.hibernate.jpa.internal.util.LogHelper  : HHH000204: Processing PersistenceUnitInfo [name: default]
2025-08-13T13:41:24.788+09:00  INFO 6292 --- [MySpringBoot3Project] [restartedMain] org.hibernate.Version                    : HHH000412: Hibernate ORM core version 6.6.22.Final
2025-08-13T13:41:24.819+09:00  INFO 6292 --- [MySpringBoot3Project] [restartedMain] o.h.c.internal.RegionFactoryInitiator    : HHH000026: Second-level cache disabled
2025-08-13T13:41:25.026+09:00  INFO 6292 --- [MySpringBoot3Project] [restartedMain] o.s.o.j.p.SpringPersistenceUnitInfo      : No LoadTimeWeaver setup: ignoring JPA class transformer
2025-08-13T13:41:25.087+09:00  INFO 6292 --- [MySpringBoot3Project] [restartedMain] org.hibernate.orm.connections.pooling    : HHH10001005: Database info:
	Database JDBC URL [Connecting through datasource 'HikariDataSource (HikariPool-1)']
	Database driver: undefined/unknown
	Database version: 2.3.232
	Autocommit mode: undefined/unknown
	Isolation level: undefined/unknown
	Minimum pool size: undefined/unknown
	Maximum pool size: undefined/unknown
2025-08-13T13:41:25.313+09:00  INFO 6292 --- [MySpringBoot3Project] [restartedMain] o.h.e.t.j.p.i.JtaPlatformInitiator       : HHH000489: No JTA platform available (set 'hibernate.transaction.jta.platform' to enable JTA platform integration)
2025-08-13T13:41:25.317+09:00  INFO 6292 --- [MySpringBoot3Project] [restartedMain] j.LocalContainerEntityManagerFactoryBean : Initialized JPA EntityManagerFactory for persistence unit 'default'
2025-08-13T13:41:25.364+09:00  WARN 6292 --- [MySpringBoot3Project] [restartedMain] JpaBaseConfiguration$JpaWebConfiguration : spring.jpa.open-in-view is enabled by default. Therefore, database queries may be performed during view rendering. Explicitly configure spring.jpa.open-in-view to disable this warning
2025-08-13T13:41:25.538+09:00  WARN 6292 --- [MySpringBoot3Project] [restartedMain] ion$DefaultTemplateResolverConfiguration : Cannot find template location: classpath:/templates/ (please add some templates, check your Thymeleaf configuration, or set spring.thymeleaf.check-template-location=false)
2025-08-13T13:41:25.685+09:00  INFO 6292 --- [MySpringBoot3Project] [restartedMain] o.s.b.a.h2.H2ConsoleAutoConfiguration    : H2 console available at '/h2-console'. Database available at 'jdbc:h2:mem:6e109bf9-42af-4bd4-b4a6-bcb8d1c81ff5'
2025-08-13T13:41:25.708+09:00  INFO 6292 --- [MySpringBoot3Project] [restartedMain] o.s.b.d.a.OptionalLiveReloadServer       : LiveReload server is running on port 35729
2025-08-13T13:41:25.712+09:00  INFO 6292 --- [MySpringBoot3Project] [restartedMain] o.s.b.a.e.web.EndpointLinksResolver      : Exposing 1 endpoint beneath base path '/actuator'
2025-08-13T13:41:25.765+09:00  INFO 6292 --- [MySpringBoot3Project] [restartedMain] o.s.b.w.embedded.tomcat.TomcatWebServer  : Tomcat started on port 8080 (http) with context path '/'
2025-08-13T13:41:25.778+09:00  INFO 6292 --- [MySpringBoot3Project] [restartedMain] c.r.m.MySpringBoot3ProjectApplication    : Started MySpringBoot3ProjectApplication in 3.085 seconds (process running for 3.473)
2025-08-13T13:41:25.783+09:00 DEBUG 6292 --- [MySpringBoot3Project] [restartedMain] c.r.myspringboot.runner.MyPropsRunner    : Logger 구현객체명 = ch.qos.logback.classic.Logger
